C51 COMPILER V9.54   DELAY                                                                 09/02/2025 18:48:52 PAGE 1   


C51 COMPILER V9.54, COMPILATION OF MODULE DELAY
OBJECT MODULE PLACED IN .\Objects\Delay.obj
COMPILER INVOKED BY: D:\Keil5\C51\BIN\C51.EXE System\Delay.c OPTIMIZE(8,SPEED) BROWSE INCDIR(.\System;.\src;.\Hardware) 
                    -DEBUG OBJECTEXTEND PRINT(.\Listings\Delay.lst) OBJECT(.\Objects\Delay.obj)

line level    source

   1          #include <REGX51.H>
   2          
   3          void Delay_ms(unsigned int xms)         //@11.0592MHz
   4          {
   5   1              unsigned char i, j;
   6   1              
   7   1              while(xms--)
   8   1              {
   9   2                      i = 2;
  10   2                      j = 199;
  11   2                      do
  12   2                      {
  13   3                              while (--j);
  14   3                      } while (--i);
  15   2              }
  16   1              
  17   1      }


MODULE INFORMATION:   STATIC OVERLAYABLE
   CODE SIZE        =     21    ----
   CONSTANT SIZE    =   ----    ----
   XDATA SIZE       =   ----    ----
   PDATA SIZE       =   ----    ----
   DATA SIZE        =   ----    ----
   IDATA SIZE       =   ----    ----
   BIT SIZE         =   ----    ----
END OF MODULE INFORMATION.


C51 COMPILATION COMPLETE.  0 WARNING(S),  0 ERROR(S)
